<?xml version="1.0" encoding="UTF-8"?>
<!-- Generated by org.testng.reporters.JUnitXMLReporter -->
<testsuite hostname="LH7U05CG6375FW6" name="Default test" tests="45" failures="0" timestamp="25 Jul 2018 06:06:00 GMT" time="5.905" errors="0">
  <testcase name="TC448493_verifyLoginScreen" time="0.0" classname="com.optumrx.irisuiuxqe.tests.OrderCreationTest">
    <skipped/>
  </testcase> <!-- TC448493_verifyLoginScreen -->
  <testcase name="TC448499_verifyLoginScreenTitle" time="0.0" classname="com.optumrx.irisuiuxqe.tests.OrderCreationTest">
    <skipped/>
  </testcase> <!-- TC448499_verifyLoginScreenTitle -->
  <testcase name="TC448500_verifyPasswordEncyptedFormat" time="0.0" classname="com.optumrx.irisuiuxqe.tests.OrderCreationTest">
    <skipped/>
  </testcase> <!-- TC448500_verifyPasswordEncyptedFormat -->
  <testcase name="TC448501_verifySpellingGrammar" time="0.0" classname="com.optumrx.irisuiuxqe.tests.OrderCreationTest">
    <skipped/>
  </testcase> <!-- TC448501_verifySpellingGrammar -->
  <testcase name="TC448556_verifyValidUsernameBlankPassword" time="0.0" classname="com.optumrx.irisuiuxqe.tests.OrderCreationTest">
    <skipped/>
  </testcase> <!-- TC448556_verifyValidUsernameBlankPassword -->
  <testcase name="TC448557_verifyInvalidUsernamePassword" time="0.0" classname="com.optumrx.irisuiuxqe.tests.OrderCreationTest">
    <skipped/>
  </testcase> <!-- TC448557_verifyInvalidUsernamePassword -->
  <testcase name="TC448558_verifyLoginWithValidUsernamePassword" time="0.0" classname="com.optumrx.irisuiuxqe.tests.OrderCreationTest">
    <skipped/>
  </testcase> <!-- TC448558_verifyLoginWithValidUsernamePassword -->
  <testcase name="TC448560_verifyResultAfterRefresh" time="0.0" classname="com.optumrx.irisuiuxqe.tests.OrderCreationTest">
    <skipped/>
  </testcase> <!-- TC448560_verifyResultAfterRefresh -->
  <testcase name="TC448562_verifyADGroupAuthorization" time="0.0" classname="com.optumrx.irisuiuxqe.tests.OrderCreationTest">
    <skipped/>
  </testcase> <!-- TC448562_verifyADGroupAuthorization -->
  <testcase name="TC448511_verifyPresenceOfPlaceholders" time="0.0" classname="com.optumrx.irisuiuxqe.tests.OrderCreationTest">
    <skipped/>
  </testcase> <!-- TC448511_verifyPresenceOfPlaceholders -->
  <testcase name="TC448517_verifyCopyPasteDisabled" time="0.0" classname="com.optumrx.irisuiuxqe.tests.OrderCreationTest">
    <skipped/>
  </testcase> <!-- TC448517_verifyCopyPasteDisabled -->
  <testcase name="TC462442_verifyWorkAreaSelectionPage" time="0.0" classname="com.optumrx.irisuiuxqe.tests.OrderCreationTest">
    <skipped/>
  </testcase> <!-- TC462442_verifyWorkAreaSelectionPage -->
  <testcase name="TC462538_verifyAllElementsOnWorkAreaSelectionPage" time="0.0" classname="com.optumrx.irisuiuxqe.tests.OrderCreationTest">
    <skipped/>
  </testcase> <!-- TC462538_verifyAllElementsOnWorkAreaSelectionPage -->
  <testcase name="TC462564_verifySearchButtonDisable" time="0.0" classname="com.optumrx.irisuiuxqe.tests.OrderCreationTest">
    <skipped/>
  </testcase> <!-- TC462564_verifySearchButtonDisable -->
  <testcase name="TC462557_verifyClearCurrentSelectionUsingRestButton" time="0.0" classname="com.optumrx.irisuiuxqe.tests.OrderCreationTest">
    <skipped/>
  </testcase> <!-- TC462557_verifyClearCurrentSelectionUsingRestButton -->
  <testcase name="TC462561_verifySaveAsPresetClickSearch" time="0.0" classname="com.optumrx.irisuiuxqe.tests.OrderCreationTest">
    <skipped/>
  </testcase> <!-- TC462561_verifySaveAsPresetClickSearch -->
  <testcase name="TC462572_verifyResetButtonClearUserPreset" time="0.0" classname="com.optumrx.irisuiuxqe.tests.OrderCreationTest">
    <skipped/>
  </testcase> <!-- TC462572_verifyResetButtonClearUserPreset -->
  <testcase name="TC467679_verifyTabSequence" time="0.0" classname="com.optumrx.irisuiuxqe.tests.OrderCreationTest">
    <skipped/>
  </testcase> <!-- TC467679_verifyTabSequence -->
  <testcase name="TC467681_verifyResetButtonHotKey" time="0.0" classname="com.optumrx.irisuiuxqe.tests.OrderCreationTest">
    <skipped/>
  </testcase> <!-- TC467681_verifyResetButtonHotKey -->
  <testcase name="TC467691_verifySearchButtonHotKey" time="0.0" classname="com.optumrx.irisuiuxqe.tests.OrderCreationTest">
    <skipped/>
  </testcase> <!-- TC467691_verifySearchButtonHotKey -->
  <testcase name="TC467694_verifyShiftTab" time="0.0" classname="com.optumrx.irisuiuxqe.tests.OrderCreationTest">
    <skipped/>
  </testcase> <!-- TC467694_verifyShiftTab -->
  <testcase name="TC480151_verifyGlobalBannerOnWorkAreaSelectionPage" time="0.0" classname="com.optumrx.irisuiuxqe.tests.OrderCreationTest">
    <skipped/>
  </testcase> <!-- TC480151_verifyGlobalBannerOnWorkAreaSelectionPage -->
  <testcase name="TC484954_verifyFunctionalityOfBannerOnWorkAreaSelectionPage" time="0.0" classname="com.optumrx.irisuiuxqe.tests.OrderCreationTest">
    <skipped/>
  </testcase> <!-- TC484954_verifyFunctionalityOfBannerOnWorkAreaSelectionPage -->
  <testcase name="TC471380_verifyFirstNameAndLastNameRequiredOnMemberSearchPage" time="0.0" classname="com.optumrx.irisuiuxqe.tests.OrderCreationTest">
    <skipped/>
  </testcase> <!-- TC471380_verifyFirstNameAndLastNameRequiredOnMemberSearchPage -->
  <testcase name="TC471483_verifyThatOnlyNumericDataIsAcceptedAsAccountNumber" time="0.0" classname="com.optumrx.irisuiuxqe.tests.OrderCreationTest">
    <skipped/>
  </testcase> <!-- TC471483_verifyThatOnlyNumericDataIsAcceptedAsAccountNumber -->
  <testcase name="TC494162_verifyBennerAvailabilityonSalesOrderPage" time="0.0" classname="com.optumrx.irisuiuxqe.tests.OrderCreationTest">
    <skipped/>
  </testcase> <!-- TC494162_verifyBennerAvailabilityonSalesOrderPage -->
  <testcase name="TC494163_verifyOrderSummarySectionavailabilityonSalesOrderPage" time="0.0" classname="com.optumrx.irisuiuxqe.tests.OrderCreationTest">
    <skipped/>
  </testcase> <!-- TC494163_verifyOrderSummarySectionavailabilityonSalesOrderPage -->
  <testcase name="TC494165_verifySequenceOfTextToBeDisplayedInOrderSummarySectionOnSalesOrderPage" time="0.0" classname="com.optumrx.irisuiuxqe.tests.OrderCreationTest">
    <skipped/>
  </testcase> <!-- TC494165_verifySequenceOfTextToBeDisplayedInOrderSummarySectionOnSalesOrderPage -->
  <testcase name="TC494166_verifyPatientSummarySectionavailabilityonSalesOrderPage" time="0.0" classname="com.optumrx.irisuiuxqe.tests.OrderCreationTest">
    <skipped/>
  </testcase> <!-- TC494166_verifyPatientSummarySectionavailabilityonSalesOrderPage -->
  <testcase name="TC494168_verifySequenceFfTextToBeDisplayedInPatientSummarySectionOnSalesOrderPage" time="0.0" classname="com.optumrx.irisuiuxqe.tests.OrderCreationTest">
    <skipped/>
  </testcase> <!-- TC494168_verifySequenceFfTextToBeDisplayedInPatientSummarySectionOnSalesOrderPage -->
  <testcase name="TC494169_verifyOrderDetailsSectionavailabilityonSalesOrderPage" time="0.0" classname="com.optumrx.irisuiuxqe.tests.OrderCreationTest">
    <skipped/>
  </testcase> <!-- TC494169_verifyOrderDetailsSectionavailabilityonSalesOrderPage -->
  <testcase name="TC494172_verifysequenceofColumntobedisplayedinOrderDetailsSectionOnSalesOrderPage" time="0.0" classname="com.optumrx.irisuiuxqe.tests.OrderCreationTest">
    <skipped/>
  </testcase> <!-- TC494172_verifysequenceofColumntobedisplayedinOrderDetailsSectionOnSalesOrderPage -->
  <testcase name="TC494174_verifyNotesSectionavailabilityonSalesOrderPage" time="0.0" classname="com.optumrx.irisuiuxqe.tests.OrderCreationTest">
    <skipped/>
  </testcase> <!-- TC494174_verifyNotesSectionavailabilityonSalesOrderPage -->
  <testcase name="TC494176_verifyMycommentstextboxavailabilitybelownotessectiononSalesOrderPage" time="0.0" classname="com.optumrx.irisuiuxqe.tests.OrderCreationTest">
    <skipped/>
  </testcase> <!-- TC494176_verifyMycommentstextboxavailabilitybelownotessectiononSalesOrderPage -->
  <testcase name="TC494177_verifyAccountSummarysectionavailabilityonSalesOrderPage" time="0.0" classname="com.optumrx.irisuiuxqe.tests.OrderCreationTest">
    <skipped/>
  </testcase> <!-- TC494177_verifyAccountSummarysectionavailabilityonSalesOrderPage -->
  <testcase name="TC494179_verifyAllButtonsavailabilityatthebottomRightonSalesOrderPage" time="0.0" classname="com.optumrx.irisuiuxqe.tests.OrderCreationTest">
    <skipped/>
  </testcase> <!-- TC494179_verifyAllButtonsavailabilityatthebottomRightonSalesOrderPage -->
  <testcase name="TC494181_verifyHoldsectionavailabilityonSalesOrderPage" time="0.0" classname="com.optumrx.irisuiuxqe.tests.OrderCreationTest">
    <skipped/>
  </testcase> <!-- TC494181_verifyHoldsectionavailabilityonSalesOrderPage -->
  <testcase name="TC494183_verifyAvailableoptionsunderHoldsectiononSalesOrderPage" time="0.0" classname="com.optumrx.irisuiuxqe.tests.OrderCreationTest">
    <skipped/>
  </testcase> <!-- TC494183_verifyAvailableoptionsunderHoldsectiononSalesOrderPage -->
  <testcase name="TC494184_verifyPatientHistorysectionavailabilityonSalesOrderPage" time="0.0" classname="com.optumrx.irisuiuxqe.tests.OrderCreationTest">
    <skipped/>
  </testcase> <!-- TC494184_verifyPatientHistorysectionavailabilityonSalesOrderPage -->
  <testcase name="TC494186_verifyAvailableOptionsUnderPatientHistorysectiononSalesOrderPage" time="0.0" classname="com.optumrx.irisuiuxqe.tests.OrderCreationTest">
    <skipped/>
  </testcase> <!-- TC494186_verifyAvailableOptionsUnderPatientHistorysectiononSalesOrderPage -->
  <testcase name="TC494187_verifyTasksectionavailabilityonSalesOrderPage" time="0.0" classname="com.optumrx.irisuiuxqe.tests.OrderCreationTest">
    <skipped/>
  </testcase> <!-- TC494187_verifyTasksectionavailabilityonSalesOrderPage -->
  <testcase name="TC494189_verifyAvailableoptionsunderTasksectiononSalesOrderPage" time="0.0" classname="com.optumrx.irisuiuxqe.tests.OrderCreationTest">
    <skipped/>
  </testcase> <!-- TC494189_verifyAvailableoptionsunderTasksectiononSalesOrderPage -->
  <testcase name="TC494190_verifyPaymentsectionavailabilityonSalesOrderPage" time="0.0" classname="com.optumrx.irisuiuxqe.tests.OrderCreationTest">
    <skipped/>
  </testcase> <!-- TC494190_verifyPaymentsectionavailabilityonSalesOrderPage -->
  <testcase name="TC494192_verifyAvailableoptionsunderPaymentsectiononSalesOrderPage" time="0.0" classname="com.optumrx.irisuiuxqe.tests.OrderCreationTest">
    <skipped/>
  </testcase> <!-- TC494192_verifyAvailableoptionsunderPaymentsectiononSalesOrderPage -->
  <testcase name="TC512828_verifySalesOrderLandingPageComingFromWorkAreaSelectionPage" time="0.0" classname="com.optumrx.irisuiuxqe.tests.OrderCreationTest">
    <skipped/>
  </testcase> <!-- TC512828_verifySalesOrderLandingPageComingFromWorkAreaSelectionPage -->
</testsuite> <!-- Default test -->
