<?xml version="1.0" encoding="UTF-8"?>
<!-- Generated by org.testng.reporters.JUnitXMLReporter -->
<testsuite hostname="LH7U05CG6375FW6" name="InternetExplorerTest" tests="3" failures="1" timestamp="25 Jul 2018 06:39:08 GMT" time="283.23" errors="0">
  <testcase name="TC512828_verifySalesOrderLandingPageComingFromWorkAreaSelectionPage" time="94.874" classname="com.optumrx.irisuiuxqe.tests.OrderCreationTest">
    <skipped/>
  </testcase> <!-- TC512828_verifySalesOrderLandingPageComingFromWorkAreaSelectionPage -->
  <testcase name="TC512828_verifySalesOrderLandingPageComingFromWorkAreaSelectionPage" time="92.296" classname="com.optumrx.irisuiuxqe.tests.OrderCreationTest">
    <skipped/>
  </testcase> <!-- TC512828_verifySalesOrderLandingPageComingFromWorkAreaSelectionPage -->
  <testcase name="TC512828_verifySalesOrderLandingPageComingFromWorkAreaSelectionPage" time="87.331" classname="com.optumrx.irisuiuxqe.tests.OrderCreationTest">
    <failure type="org.openqa.selenium.TimeoutException" message="Expected condition failed: waiting for element to be clickable: By.id: workAreaSearch (tried for 15 second(s) with 500 MILLISECONDS interval)
Build info: version: &amp;apos;3.5.3&amp;apos;, revision: &amp;apos;a88d25fe6b&amp;apos;, time: &amp;apos;2017-08-29T12:42:44.417Z&amp;apos;
System info: host: &amp;apos;LH7U05CG6375FW6&amp;apos;, ip: &amp;apos;10.194.24.77&amp;apos;, os.name: &amp;apos;Windows 7&amp;apos;, os.arch: &amp;apos;amd64&amp;apos;, os.version: &amp;apos;6.1&amp;apos;, java.version: &amp;apos;1.8.0_91&amp;apos;
Driver info: org.openqa.selenium.ie.InternetExplorerDriver
Capabilities [{proxy=Proxy(), acceptInsecureCerts=false, browserVersion=11, se:ieOptions={nativeEvents=true, browserAttachTimeout=0, ie.ensureCleanSession=false, elementScrollBehavior=0, enablePersistentHover=false, ie.browserCommandLineSwitches=, ie.forceCreateProcessApi=false, requireWindowFocus=true, initialBrowserUrl=http://localhost:15703/, ignoreZoomSetting=false, ie.fileUploadDialogTimeout=3000, ignoreProtectedModeSettings=true}, timeouts={implicit=0, pageLoad=300000, script=30000}, browserName=internet explorer, pageLoadStrategy=normal, javascriptEnabled=true, platformName=XP, setWindowRect=true, platform=XP}]
Session ID: 0d45f62b-4b58-4653-8091-50f271c47b76">
      <![CDATA[org.openqa.selenium.TimeoutException: Expected condition failed: waiting for element to be clickable: By.id: workAreaSearch (tried for 15 second(s) with 500 MILLISECONDS interval)
Build info: version: '3.5.3', revision: 'a88d25fe6b', time: '2017-08-29T12:42:44.417Z'
System info: host: 'LH7U05CG6375FW6', ip: '10.194.24.77', os.name: 'Windows 7', os.arch: 'amd64', os.version: '6.1', java.version: '1.8.0_91'
Driver info: org.openqa.selenium.ie.InternetExplorerDriver
Capabilities [{proxy=Proxy(), acceptInsecureCerts=false, browserVersion=11, se:ieOptions={nativeEvents=true, browserAttachTimeout=0, ie.ensureCleanSession=false, elementScrollBehavior=0, enablePersistentHover=false, ie.browserCommandLineSwitches=, ie.forceCreateProcessApi=false, requireWindowFocus=true, initialBrowserUrl=http://localhost:15703/, ignoreZoomSetting=false, ie.fileUploadDialogTimeout=3000, ignoreProtectedModeSettings=true}, timeouts={implicit=0, pageLoad=300000, script=30000}, browserName=internet explorer, pageLoadStrategy=normal, javascriptEnabled=true, platformName=XP, setWindowRect=true, platform=XP}]
Session ID: 0d45f62b-4b58-4653-8091-50f271c47b76
	at org.openqa.selenium.support.ui.WebDriverWait.timeoutException(WebDriverWait.java:80)
	at org.openqa.selenium.support.ui.FluentWait.until(FluentWait.java:232)
	at com.optumrx.irisuiuxqe.util.ComponentMethods.clickOnWebElelent(ComponentMethods.java:77)
	at com.optumrx.irisuiuxqe.ordercreation.SelectWorkAreaPage.selectValuesFromDropdownAndClickSearch(SelectWorkAreaPage.java:564)
	at com.optumrx.irisuiuxqe.tests.OrderCreationTest.TC512828_verifySalesOrderLandingPageComingFromWorkAreaSelectionPage(OrderCreationTest.java:1596)
... Removed 24 stack frames]]>
    </failure>
  </testcase> <!-- TC512828_verifySalesOrderLandingPageComingFromWorkAreaSelectionPage -->
</testsuite> <!-- InternetExplorerTest -->
