<?xml version="1.0" encoding="UTF-8"?>
<!-- Generated by org.testng.reporters.JUnitXMLReporter -->
<testsuite hostname="LH7U05CG6375FW6" ignored="0" name="testing" tests="2" failures="0" timestamp="27 Feb 2018 07:07:45 GMT" time="60.965" errors="0">
  <testcase name="@BeforeMethod oc_login_00" time="0.0" classname="com.optumrx.irisuiuxqe.ordercreation.OrderCreationTest">
    <failure type="java.lang.NullPointerException">
      <![CDATA[java.lang.NullPointerException
	at com.optumrx.irisuiuxqe.ordercreation.SelectWorkAreaPage.verifyWorkAreaPage(SelectWorkAreaPage.java:24)
	at com.optumrx.irisuiuxqe.ordercreation.OrderCreationTest.oc_login_00(OrderCreationTest.java:47)
... Removed 27 stack frames]]>
    </failure>
  </testcase> <!-- @BeforeMethod oc_login_00 -->
  <testcase name="@AfterMethod logout" time="0.0" classname="com.optumrx.irisuiuxqe.ordercreation.OrderCreationTest">
    <skipped/>
  </testcase> <!-- @AfterMethod logout -->
  <testcase name="@BeforeMethod oc_login_00" time="0.0" classname="com.optumrx.irisuiuxqe.ordercreation.OrderCreationTest">
    <skipped/>
  </testcase> <!-- @BeforeMethod oc_login_00 -->
  <testcase name="@AfterMethod logout" time="0.0" classname="com.optumrx.irisuiuxqe.ordercreation.OrderCreationTest">
    <skipped/>
  </testcase> <!-- @AfterMethod logout -->
  <testcase name="oc_RefilRx_01" time="0.0" classname="com.optumrx.irisuiuxqe.ordercreation.OrderCreationTest">
    <skipped/>
  </testcase> <!-- oc_RefilRx_01 -->
  <testcase name="oc_RefilRx_02" time="0.0" classname="com.optumrx.irisuiuxqe.ordercreation.OrderCreationTest">
    <skipped/>
  </testcase> <!-- oc_RefilRx_02 -->
</testsuite> <!-- testing -->
